Build started 11/6/2015 10:23:24 PM.
     1>Project "C:\Users\josephkramer\Desktop\CS_162\Labs\lab4\lab4\lab4.vcxproj" on node 2 (Rebuild target(s)).
     1>ClCompile:
         C:\Program Files (x86)\Microsoft Visual Studio 11.0\VC\bin\CL.exe /c /ZI /nologo /W3 /WX- /sdl /Od /Oy- /D CODE_ANALYSIS /D _MBCS /Gm /EHsc /RTC1 /MDd /GS /fp:precise /Zc:wchar_t /Zc:forScope /Fo"Debug\\" /Fd"Debug\vc110.pdb" /Gd /TP /analyze /analyze:log "Debug\entry_list.cpp.nativecodeanalysis.xml" /analyze:pluginlocalespc.dll /errorReport:prompt   /analyze:quiet entry_list.cpp
         entry_list.cpp
         C:\Program Files (x86)\Microsoft Visual Studio 11.0\VC\bin\CL.exe /c /ZI /nologo /W3 /WX- /sdl /Od /Oy- /D CODE_ANALYSIS /D _MBCS /Gm /EHsc /RTC1 /MDd /GS /fp:precise /Zc:wchar_t /Zc:forScope /Fo"Debug\\" /Fd"Debug\vc110.pdb" /Gd /TP /analyze /analyze:log "Debug\my_utilities.cpp.nativecodeanalysis.xml" /analyze:pluginlocalespc.dll /errorReport:prompt   /analyze:quiet my_utilities.cpp
         my_utilities.cpp
     1>c:\users\josephkramer\desktop\cs_162\labs\lab4\lab4\my_utilities.cpp(121): warning C4715: 'verifyQuit' : not all control paths return a value
         C:\Program Files (x86)\Microsoft Visual Studio 11.0\VC\bin\CL.exe /c /ZI /nologo /W3 /WX- /sdl /Od /Oy- /D CODE_ANALYSIS /D _MBCS /Gm /EHsc /RTC1 /MDd /GS /fp:precise /Zc:wchar_t /Zc:forScope /Fo"Debug\\" /Fd"Debug\vc110.pdb" /Gd /TP /analyze /analyze:log "Debug\main.cpp.nativecodeanalysis.xml" /analyze:pluginlocalespc.dll /errorReport:prompt   /analyze:quiet main.cpp
         main.cpp
         C:\Program Files (x86)\Microsoft Visual Studio 11.0\VC\bin\CL.exe /c /ZI /nologo /W3 /WX- /sdl /Od /Oy- /D CODE_ANALYSIS /D _MBCS /Gm /EHsc /RTC1 /MDd /GS /fp:precise /Zc:wchar_t /Zc:forScope /Fo"Debug\\" /Fd"Debug\vc110.pdb" /Gd /TP /analyze /analyze:log "Debug\task_list.cpp.nativecodeanalysis.xml" /analyze:pluginlocalespc.dll /errorReport:prompt   /analyze:quiet task_list.cpp
         task_list.cpp
         C:\Program Files (x86)\Microsoft Visual Studio 11.0\VC\bin\CL.exe /c /ZI /nologo /W3 /WX- /sdl /Od /Oy- /D CODE_ANALYSIS /D _MBCS /Gm /EHsc /RTC1 /MDd /GS /fp:precise /Zc:wchar_t /Zc:forScope /Fo"Debug\\" /Fd"Debug\vc110.pdb" /Gd /TP /analyze /analyze:log "Debug\user_interface.cpp.nativecodeanalysis.xml" /analyze:pluginlocalespc.dll /errorReport:prompt   /analyze:quiet user_interface.cpp
         user_interface.cpp
       Link:
         C:\Program Files (x86)\Microsoft Visual Studio 11.0\VC\bin\link.exe /ERRORREPORT:PROMPT /OUT:"C:\Users\josephkramer\Desktop\CS_162\Labs\lab4\lab4\Debug\lab4.exe" /INCREMENTAL /NOLOGO kernel32.lib user32.lib gdi32.lib winspool.lib comdlg32.lib advapi32.lib shell32.lib ole32.lib oleaut32.lib uuid.lib odbc32.lib odbccp32.lib /MANIFEST /MANIFESTUAC:"level='asInvoker' uiAccess='false'" /manifest:embed /DEBUG /PDB:"C:\Users\josephkramer\Desktop\CS_162\Labs\lab4\lab4\Debug\lab4.pdb" /TLBID:1 /DYNAMICBASE /NXCOMPAT /IMPLIB:"C:\Users\josephkramer\Desktop\CS_162\Labs\lab4\lab4\Debug\lab4.lib" /MACHINE:X86 Debug\entry_list.obj
         Debug\my_utilities.obj
         Debug\main.obj
         Debug\task_list.obj
         Debug\user_interface.obj
         lab4.vcxproj -> C:\Users\josephkramer\Desktop\CS_162\Labs\lab4\lab4\Debug\lab4.exe
     1>Done Building Project "C:\Users\josephkramer\Desktop\CS_162\Labs\lab4\lab4\lab4.vcxproj" (Rebuild target(s)).

Build succeeded.

Time Elapsed 00:00:27.92
