C:\USERS\JOSEPHKRAMER\DESKTOP\CS_162\LABS\LAB4\LAB4\DEBUG\ENTRY_LIST.OBJ
C:\USERS\JOSEPHKRAMER\DESKTOP\CS_162\LABS\LAB4\LAB4\DEBUG\MY_UTILITIES.OBJ
C:\USERS\JOSEPHKRAMER\DESKTOP\CS_162\LABS\LAB4\LAB4\DEBUG\MAIN.OBJ
C:\USERS\JOSEPHKRAMER\DESKTOP\CS_162\LABS\LAB4\LAB4\DEBUG\TASK_LIST.OBJ
C:\USERS\JOSEPHKRAMER\DESKTOP\CS_162\LABS\LAB4\LAB4\DEBUG\USER_INTERFACE.OBJ
C:\USERS\JOSEPHKRAMER\DESKTOP\CS_162\LABS\LAB4\LAB4\DEBUG\VC110.PDB
C:\USERS\JOSEPHKRAMER\DESKTOP\CS_162\LABS\LAB4\LAB4\DEBUG\LAB4.ILK
C:\USERS\JOSEPHKRAMER\DESKTOP\CS_162\LABS\LAB4\LAB4\DEBUG\LAB4.EXE
C:\USERS\JOSEPHKRAMER\DESKTOP\CS_162\LABS\LAB4\LAB4\DEBUG\LAB4.PDB
C:\Users\josephkramer\Desktop\CS_162\Labs\lab4\lab4\Debug\entry_list.obj
C:\Users\josephkramer\Desktop\CS_162\Labs\lab4\lab4\Debug\main.obj
C:\Users\josephkramer\Desktop\CS_162\Labs\lab4\lab4\Debug\my_utilities.obj
C:\Users\josephkramer\Desktop\CS_162\Labs\lab4\lab4\Debug\task_list.obj
C:\Users\josephkramer\Desktop\CS_162\Labs\lab4\lab4\Debug\user_interface.obj
C:\Users\josephkramer\Desktop\CS_162\Labs\lab4\lab4\Debug\lab4.ilk
C:\Users\josephkramer\Desktop\CS_162\Labs\lab4\lab4\Debug\cl.command.1.tlog
C:\Users\josephkramer\Desktop\CS_162\Labs\lab4\lab4\Debug\CL.read.1.tlog
C:\Users\josephkramer\Desktop\CS_162\Labs\lab4\lab4\Debug\CL.write.1.tlog
C:\Users\josephkramer\Desktop\CS_162\Labs\lab4\lab4\Debug\link-cvtres.read.1.tlog
C:\Users\josephkramer\Desktop\CS_162\Labs\lab4\lab4\Debug\link-cvtres.write.1.tlog
C:\Users\josephkramer\Desktop\CS_162\Labs\lab4\lab4\Debug\link-rc.read.1.tlog
C:\Users\josephkramer\Desktop\CS_162\Labs\lab4\lab4\Debug\link-rc.write.1.tlog
C:\Users\josephkramer\Desktop\CS_162\Labs\lab4\lab4\Debug\link.command.1.tlog
C:\Users\josephkramer\Desktop\CS_162\Labs\lab4\lab4\Debug\link.read.1.tlog
C:\Users\josephkramer\Desktop\CS_162\Labs\lab4\lab4\Debug\link.write.1.tlog
C:\Users\josephkramer\Desktop\CS_162\Labs\lab4\lab4\Debug\vc110.idb
C:\Users\josephkramer\Desktop\CS_162\Labs\lab4\lab4\Debug\lab4.pdb
C:\Users\josephkramer\Desktop\CS_162\Labs\lab4\lab4\Debug\vc110.pdb
C:\Users\josephkramer\Desktop\CS_162\Labs\lab4\lab4\Debug\lab4.exe
