C:\USERS\JOSEPHKRAMER\DESKTOP\CS_162\LABS\LAB1\LAB1\DEBUG\LAB1.OBJ
C:\USERS\JOSEPHKRAMER\DESKTOP\CS_162\LABS\LAB1\LAB1\DEBUG\VC110.PDB
C:\USERS\JOSEPHKRAMER\DESKTOP\CS_162\LABS\LAB1\DEBUG\LAB1.ILK
C:\USERS\JOSEPHKRAMER\DESKTOP\CS_162\LABS\LAB1\DEBUG\LAB1.EXE
C:\USERS\JOSEPHKRAMER\DESKTOP\CS_162\LABS\LAB1\DEBUG\LAB1.PDB
C:\Users\josephkramer\Desktop\CS_162\Labs\lab1\lab1\Debug\lab1.obj
C:\Users\josephkramer\Desktop\CS_162\Labs\lab1\lab1\Debug\cl.command.1.tlog
C:\Users\josephkramer\Desktop\CS_162\Labs\lab1\lab1\Debug\CL.read.1.tlog
C:\Users\josephkramer\Desktop\CS_162\Labs\lab1\lab1\Debug\CL.write.1.tlog
C:\Users\josephkramer\Desktop\CS_162\Labs\lab1\lab1\Debug\link-cvtres.read.1.tlog
C:\Users\josephkramer\Desktop\CS_162\Labs\lab1\lab1\Debug\link-cvtres.write.1.tlog
C:\Users\josephkramer\Desktop\CS_162\Labs\lab1\lab1\Debug\link-rc.read.1.tlog
C:\Users\josephkramer\Desktop\CS_162\Labs\lab1\lab1\Debug\link-rc.write.1.tlog
C:\Users\josephkramer\Desktop\CS_162\Labs\lab1\lab1\Debug\link.command.1.tlog
C:\Users\josephkramer\Desktop\CS_162\Labs\lab1\lab1\Debug\link.read.1.tlog
C:\Users\josephkramer\Desktop\CS_162\Labs\lab1\lab1\Debug\link.write.1.tlog
C:\Users\josephkramer\Desktop\CS_162\Labs\lab1\lab1\Debug\vc110.idb
C:\Users\josephkramer\Desktop\CS_162\Labs\lab1\lab1\Debug\vc110.pdb
C:\Users\josephkramer\Desktop\CS_162\Labs\lab1\Debug\lab1.pdb
C:\Users\josephkramer\Desktop\CS_162\Labs\lab1\Debug\lab1.exe
C:\Users\josephkramer\Desktop\CS_162\Labs\lab1\Debug\lab1.ilk
